<?xml version="1.0" encoding="UTF-8"?>
<testsuite xmlns:xsi="http://www.w3.org/2001/XMLSchema-instance" xsi:noNamespaceSchemaLocation="https://maven.apache.org/surefire/maven-surefire-plugin/xsd/surefire-test-report-3.0.xsd" version="3.0" name="com.cts.junitdemo.StringUtilsTest" time="0" tests="3" errors="0" skipped="0" failures="0">
  <properties>
[...]
</properties>
  <testcase name="testIsPalindromeNull" classname="com.cts.junitdemo.StringUtilsTest" time="0">
    <system-out><![CDATA[Setup: StringUtils instance created
Teardown: StringUtils instance destroyed
]]></system-out>
  </testcase>
  <testcase name="testIsPalindromeTrue" classname="com.cts.junitdemo.StringUtilsTest" time="0">
    <system-out><![CDATA[Setup: StringUtils instance created
Teardown: StringUtils instance destroyed
]]></system-out>
  </testcase>
  <testcase name="testIsPalindromeFalse" classname="com.cts.junitdemo.StringUtilsTest" time="0">
    <system-out><![CDATA[Setup: StringUtils instance created
Teardown: StringUtils instance destroyed
]]></system-out>
  </testcase>
</testsuite>